<?xml version="1.0" encoding="UTF-8"?><testrun name="AllClientTests" project="GameClient" tests="30" started="30" failures="2" errors="1" ignored="0">
  <testsuite name="AllClientTests" time="1.69">
    <testsuite name="communication.handlers.MapFileMessageHandlerTest" time="0.394">
      <testcase name="writesTheFile" classname="communication.handlers.MapFileMessageHandlerTest" time="0.354"/>
      <testcase name="tellsEngine" classname="communication.handlers.MapFileMessageHandlerTest" time="0.04"/>
    </testsuite>
    <testsuite name="communication.handlers.PlayerJoinedMessageHandlerTest" incomplete="true">
      <testcase name="test" classname="communication.handlers.PlayerJoinedMessageHandlerTest" incomplete="true"/>
    </testsuite>
    <testsuite name="communication.handlers.MovementMessageHandlerTest" time="0.013">
      <testcase name="test" classname="communication.handlers.MovementMessageHandlerTest" time="0.013"/>
    </testsuite>
    <testsuite name="communication.packers.LoginMessagePackerTest" time="0.006">
      <testcase name="test" classname="communication.packers.LoginMessagePackerTest" time="0.006"/>
    </testsuite>
    <testsuite name="communication.handlers.PlayerJoinedMessageHandlerTest" time="0.33">
      <testcase name="test" classname="communication.handlers.PlayerJoinedMessageHandlerTest" time="0.305">
        <failure>java.lang.AssertionError
	at org.junit.Assert.fail(Assert.java:86)
	at org.junit.Assert.assertTrue(Assert.java:41)
	at org.junit.Assert.assertNotNull(Assert.java:621)
	at org.junit.Assert.assertNotNull(Assert.java:631)
	at communication.handlers.PlayerJoinedMessageHandlerTest.test(PlayerJoinedMessageHandlerTest.java:48)
	at sun.reflect.NativeMethodAccessorImpl.invoke0(Native Method)
	at sun.reflect.NativeMethodAccessorImpl.invoke(NativeMethodAccessorImpl.java:57)
	at sun.reflect.DelegatingMethodAccessorImpl.invoke(DelegatingMethodAccessorImpl.java:43)
	at java.lang.reflect.Method.invoke(Method.java:606)
	at org.junit.runners.model.FrameworkMethod$1.runReflectiveCall(FrameworkMethod.java:47)
	at org.junit.internal.runners.model.ReflectiveCallable.run(ReflectiveCallable.java:12)
	at org.junit.runners.model.FrameworkMethod.invokeExplosively(FrameworkMethod.java:44)
	at org.junit.internal.runners.statements.InvokeMethod.evaluate(InvokeMethod.java:17)
	at org.junit.internal.runners.statements.RunBefores.evaluate(RunBefores.java:26)
	at org.junit.runners.ParentRunner.runLeaf(ParentRunner.java:271)
	at org.junit.runners.BlockJUnit4ClassRunner.runChild(BlockJUnit4ClassRunner.java:70)
	at org.junit.runners.BlockJUnit4ClassRunner.runChild(BlockJUnit4ClassRunner.java:50)
	at org.junit.runners.ParentRunner$3.run(ParentRunner.java:238)
	at org.junit.runners.ParentRunner$1.schedule(ParentRunner.java:63)
	at org.junit.runners.ParentRunner.runChildren(ParentRunner.java:236)
	at org.junit.runners.ParentRunner.access$000(ParentRunner.java:53)
	at org.junit.runners.ParentRunner$2.evaluate(ParentRunner.java:229)
	at org.junit.runners.ParentRunner.run(ParentRunner.java:309)
	at org.junit.runners.Suite.runChild(Suite.java:127)
	at org.junit.runners.Suite.runChild(Suite.java:26)
	at org.junit.runners.ParentRunner$3.run(ParentRunner.java:238)
	at org.junit.runners.ParentRunner$1.schedule(ParentRunner.java:63)
	at org.junit.runners.ParentRunner.runChildren(ParentRunner.java:236)
	at org.junit.runners.ParentRunner.access$000(ParentRunner.java:53)
	at org.junit.runners.ParentRunner$2.evaluate(ParentRunner.java:229)
	at org.junit.runners.ParentRunner.run(ParentRunner.java:309)
	at org.eclipse.jdt.internal.junit4.runner.JUnit4TestReference.run(JUnit4TestReference.java:50)
	at org.eclipse.jdt.internal.junit.runner.TestExecution.run(TestExecution.java:38)
	at org.eclipse.jdt.internal.junit.runner.RemoteTestRunner.runTests(RemoteTestRunner.java:467)
	at org.eclipse.jdt.internal.junit.runner.RemoteTestRunner.runTests(RemoteTestRunner.java:683)
	at org.eclipse.jdt.internal.junit.runner.RemoteTestRunner.run(RemoteTestRunner.java:390)
	at org.eclipse.jdt.internal.junit.runner.RemoteTestRunner.main(RemoteTestRunner.java:197)

java.lang.AssertionError
	at org.junit.Assert.fail(Assert.java:86)
	at org.junit.Assert.assertTrue(Assert.java:41)
	at org.junit.Assert.assertNotNull(Assert.java:621)
	at org.junit.Assert.assertNotNull(Assert.java:631)
	at communication.handlers.PlayerJoinedMessageHandlerTest.test(PlayerJoinedMessageHandlerTest.java:48)
	at sun.reflect.NativeMethodAccessorImpl.invoke0(Native Method)
	at sun.reflect.NativeMethodAccessorImpl.invoke(NativeMethodAccessorImpl.java:57)
	at sun.reflect.DelegatingMethodAccessorImpl.invoke(DelegatingMethodAccessorImpl.java:43)
	at java.lang.reflect.Method.invoke(Method.java:606)
	at org.junit.runners.model.FrameworkMethod$1.runReflectiveCall(FrameworkMethod.java:47)
	at org.junit.internal.runners.model.ReflectiveCallable.run(ReflectiveCallable.java:12)
	at org.junit.runners.model.FrameworkMethod.invokeExplosively(FrameworkMethod.java:44)
	at org.junit.internal.runners.statements.InvokeMethod.evaluate(InvokeMethod.java:17)
	at org.junit.internal.runners.statements.RunBefores.evaluate(RunBefores.java:26)
	at org.junit.runners.ParentRunner.runLeaf(ParentRunner.java:271)
	at org.junit.runners.BlockJUnit4ClassRunner.runChild(BlockJUnit4ClassRunner.java:70)
	at org.junit.runners.BlockJUnit4ClassRunner.runChild(BlockJUnit4ClassRunner.java:50)
	at org.junit.runners.ParentRunner$3.run(ParentRunner.java:238)
	at org.junit.runners.ParentRunner$1.schedule(ParentRunner.java:63)
	at org.junit.runners.ParentRunner.runChildren(ParentRunner.java:236)
	at org.junit.runners.ParentRunner.access$000(ParentRunner.java:53)
	at org.junit.runners.ParentRunner$2.evaluate(ParentRunner.java:229)
	at org.junit.runners.ParentRunner.run(ParentRunner.java:309)
	at org.junit.runners.Suite.runChild(Suite.java:127)
	at org.junit.runners.Suite.runChild(Suite.java:26)
	at org.junit.runners.ParentRunner$3.run(ParentRunner.java:238)
	at org.junit.runners.ParentRunner$1.schedule(ParentRunner.java:63)
	at org.junit.runners.ParentRunner.runChildren(ParentRunner.java:236)
	at org.junit.runners.ParentRunner.access$000(ParentRunner.java:53)
	at org.junit.runners.ParentRunner$2.evaluate(ParentRunner.java:229)
	at org.junit.runners.ParentRunner.run(ParentRunner.java:309)
	at org.eclipse.jdt.internal.junit4.runner.JUnit4TestReference.run(JUnit4TestReference.java:50)
	at org.eclipse.jdt.internal.junit.runner.TestExecution.run(TestExecution.java:38)
	at org.eclipse.jdt.internal.junit.runner.RemoteTestRunner.runTests(RemoteTestRunner.java:467)
	at org.eclipse.jdt.internal.junit.runner.RemoteTestRunner.runTests(RemoteTestRunner.java:683)
	at org.eclipse.jdt.internal.junit.runner.RemoteTestRunner.run(RemoteTestRunner.java:390)
	at org.eclipse.jdt.internal.junit.runner.RemoteTestRunner.main(RemoteTestRunner.java:197)

</failure>
      </testcase>
    </testsuite>
    <testsuite name="model.CommandAddPlayerTest" time="0.0">
      <testcase name="addsPlayerWhoIsNotThisClientsPlayer" classname="model.CommandAddPlayerTest" time="0.0">
        <error>java.lang.NullPointerException
	at model.CommandAddPlayer.execute(CommandAddPlayer.java:32)
	at model.CommandAddPlayerTest.addsPlayerWhoIsNotThisClientsPlayer(CommandAddPlayerTest.java:24)
	at sun.reflect.NativeMethodAccessorImpl.invoke0(Native Method)
	at sun.reflect.NativeMethodAccessorImpl.invoke(NativeMethodAccessorImpl.java:57)
	at sun.reflect.DelegatingMethodAccessorImpl.invoke(DelegatingMethodAccessorImpl.java:43)
	at java.lang.reflect.Method.invoke(Method.java:606)
	at org.junit.runners.model.FrameworkMethod$1.runReflectiveCall(FrameworkMethod.java:47)
	at org.junit.internal.runners.model.ReflectiveCallable.run(ReflectiveCallable.java:12)
	at org.junit.runners.model.FrameworkMethod.invokeExplosively(FrameworkMethod.java:44)
	at org.junit.internal.runners.statements.InvokeMethod.evaluate(InvokeMethod.java:17)
	at org.junit.runners.ParentRunner.runLeaf(ParentRunner.java:271)
	at org.junit.runners.BlockJUnit4ClassRunner.runChild(BlockJUnit4ClassRunner.java:70)
	at org.junit.runners.BlockJUnit4ClassRunner.runChild(BlockJUnit4ClassRunner.java:50)
	at org.junit.runners.ParentRunner$3.run(ParentRunner.java:238)
	at org.junit.runners.ParentRunner$1.schedule(ParentRunner.java:63)
	at org.junit.runners.ParentRunner.runChildren(ParentRunner.java:236)
	at org.junit.runners.ParentRunner.access$000(ParentRunner.java:53)
	at org.junit.runners.ParentRunner$2.evaluate(ParentRunner.java:229)
	at org.junit.runners.ParentRunner.run(ParentRunner.java:309)
	at org.junit.runners.Suite.runChild(Suite.java:127)
	at org.junit.runners.Suite.runChild(Suite.java:26)
	at org.junit.runners.ParentRunner$3.run(ParentRunner.java:238)
	at org.junit.runners.ParentRunner$1.schedule(ParentRunner.java:63)
	at org.junit.runners.ParentRunner.runChildren(ParentRunner.java:236)
	at org.junit.runners.ParentRunner.access$000(ParentRunner.java:53)
	at org.junit.runners.ParentRunner$2.evaluate(ParentRunner.java:229)
	at org.junit.runners.ParentRunner.run(ParentRunner.java:309)
	at org.eclipse.jdt.internal.junit4.runner.JUnit4TestReference.run(JUnit4TestReference.java:50)
	at org.eclipse.jdt.internal.junit.runner.TestExecution.run(TestExecution.java:38)
	at org.eclipse.jdt.internal.junit.runner.RemoteTestRunner.runTests(RemoteTestRunner.java:467)
	at org.eclipse.jdt.internal.junit.runner.RemoteTestRunner.runTests(RemoteTestRunner.java:683)
	at org.eclipse.jdt.internal.junit.runner.RemoteTestRunner.run(RemoteTestRunner.java:390)
	at org.eclipse.jdt.internal.junit.runner.RemoteTestRunner.main(RemoteTestRunner.java:197)

</error>
      </testcase>
    </testsuite>
    <testsuite name="model.CommandLoginTest" time="0.004">
      <testcase name="shouldTellPlayer" classname="model.CommandLoginTest" time="0.004"/>
    </testsuite>
    <testsuite name="model.CommandNewMapTest" time="0.041">
      <testcase name="testExecution" classname="model.CommandNewMapTest" time="0.041"/>
    </testsuite>
    <testsuite name="model.MapManagerTest" time="0.433">
      <testcase name="updatesOnNewMap" classname="model.MapManagerTest" time="0.001"/>
      <testcase name="canCheckCollision" classname="model.MapManagerTest" time="0.0"/>
      <testcase name="isResetableSingleton" classname="model.MapManagerTest" time="0.0"/>
      <testcase name="canMockTiledMapAndGetALayer" classname="model.MapManagerTest" time="0.143"/>
      <testcase name="reportsConsistently" classname="model.MapManagerTest" time="0.289"/>
    </testsuite>
    <testsuite name="model.ModelFacadeTest" time="0.0">
      <testcase name="isResetableSingleton" classname="model.ModelFacadeTest" time="0.0"/>
    </testsuite>
    <testsuite name="model.PlayerManagerTest" time="0.002">
      <testcase name="canAddAndRetrievePlayers" classname="model.PlayerManagerTest" time="0.001"/>
      <testcase name="notifiesOnLoginInitiation" classname="model.PlayerManagerTest" time="0.0"/>
      <testcase name="canStartToLogin" classname="model.PlayerManagerTest" time="0.001"/>
      <testcase name="testSingleton" classname="model.PlayerManagerTest" time="0.0"/>
    </testsuite>
    <testsuite name="model.PlayerTest" time="0.132">
      <testcase name="equalsContract" classname="model.PlayerTest" time="0.132"/>
      <testcase name="testPlayerPosition" classname="model.PlayerTest" time="0.0"/>
      <testcase name="initialization" classname="model.PlayerTest" time="0.0"/>
    </testsuite>
    <testsuite name="model.ThisClientsPlayerTest" time="0.002">
      <testcase name="notifiesOnMove" classname="model.ThisClientsPlayerTest" time="0.002"/>
    </testsuite>
    <testsuite name="model.reports.LoginInitiatedReportTest" time="0.008">
      <testcase name="equalsContract" classname="model.reports.LoginInitiatedReportTest" time="0.007"/>
      <testcase name="creation" classname="model.reports.LoginInitiatedReportTest" time="0.001"/>
    </testsuite>
    <testsuite name="model.reports.NewMapReportTest" time="0.009">
      <testcase name="equalsContract" classname="model.reports.NewMapReportTest" time="0.008"/>
      <testcase name="creation" classname="model.reports.NewMapReportTest" time="0.001"/>
    </testsuite>
    <testsuite name="model.reports.ThisPlayerMovedReportTest" time="0.01">
      <testcase name="equalsContract" classname="model.reports.ThisPlayerMovedReportTest" time="0.009"/>
      <testcase name="creation" classname="model.reports.ThisPlayerMovedReportTest" time="0.001"/>
    </testsuite>
    <testsuite name="view.ScreenListenerTest" time="0.001">
      <testcase name="addsItselfCorrectly" classname="view.ScreenListenerTest" time="0.001"/>
    </testsuite>
  </testsuite>
</testrun>
